The system is: Darwin - 14.3.0 - x86_64
Compiling the C compiler identification source file "CMakeCCompilerId.c" succeeded.
Compiler: /usr/bin/cc 
Build flags: 
Id flags: 

The output was:
0


Compilation of the C compiler identification source "CMakeCCompilerId.c" produced "a.out"

The C compiler identification is AppleClang, found in "/Users/ashraymalhotra/Desktop/Academic/VTKDev/VTKCustomCodes/ImagePyramid/build/CMakeFiles/3.1.0/CompilerIdC/a.out"

Compiling the CXX compiler identification source file "CMakeCXXCompilerId.cpp" succeeded.
Compiler: /usr/bin/c++ 
Build flags: 
Id flags: 

The output was:
0


Compilation of the CXX compiler identification source "CMakeCXXCompilerId.cpp" produced "a.out"

The CXX compiler identification is AppleClang, found in "/Users/ashraymalhotra/Desktop/Academic/VTKDev/VTKCustomCodes/ImagePyramid/build/CMakeFiles/3.1.0/CompilerIdCXX/a.out"

Determining if the C compiler works passed with the following output:
Change Dir: /Users/ashraymalhotra/Desktop/Academic/VTKDev/VTKCustomCodes/ImagePyramid/build/CMakeFiles/CMakeTmp

Run Build Command:"/usr/bin/make" "cmTryCompileExec342330621/fast"
/Applications/Xcode.app/Contents/Developer/usr/bin/make -f CMakeFiles/cmTryCompileExec342330621.dir/build.make CMakeFiles/cmTryCompileExec342330621.dir/build
/usr/local/Cellar/cmake/3.1.0/bin/cmake -E cmake_progress_report /Users/ashraymalhotra/Desktop/Academic/VTKDev/VTKCustomCodes/ImagePyramid/build/CMakeFiles/CMakeTmp/CMakeFiles 1
Building C object CMakeFiles/cmTryCompileExec342330621.dir/testCCompiler.c.o
/usr/bin/cc   -isysroot /Applications/Xcode.app/Contents/Developer/Platforms/MacOSX.platform/Developer/SDKs/MacOSX10.10.sdk   -o CMakeFiles/cmTryCompileExec342330621.dir/testCCompiler.c.o   -c /Users/ashraymalhotra/Desktop/Academic/VTKDev/VTKCustomCodes/ImagePyramid/build/CMakeFiles/CMakeTmp/testCCompiler.c
Linking C executable cmTryCompileExec342330621
/usr/local/Cellar/cmake/3.1.0/bin/cmake -E cmake_link_script CMakeFiles/cmTryCompileExec342330621.dir/link.txt --verbose=1
/usr/bin/cc    -isysroot /Applications/Xcode.app/Contents/Developer/Platforms/MacOSX.platform/Developer/SDKs/MacOSX10.10.sdk -Wl,-search_paths_first -Wl,-headerpad_max_install_names  CMakeFiles/cmTryCompileExec342330621.dir/testCCompiler.c.o  -o cmTryCompileExec342330621  


Detecting C compiler ABI info compiled with the following output:
Change Dir: /Users/ashraymalhotra/Desktop/Academic/VTKDev/VTKCustomCodes/ImagePyramid/build/CMakeFiles/CMakeTmp

Run Build Command:"/usr/bin/make" "cmTryCompileExec2551408937/fast"
/Applications/Xcode.app/Contents/Developer/usr/bin/make -f CMakeFiles/cmTryCompileExec2551408937.dir/build.make CMakeFiles/cmTryCompileExec2551408937.dir/build
/usr/local/Cellar/cmake/3.1.0/bin/cmake -E cmake_progress_report /Users/ashraymalhotra/Desktop/Academic/VTKDev/VTKCustomCodes/ImagePyramid/build/CMakeFiles/CMakeTmp/CMakeFiles 1
Building C object CMakeFiles/cmTryCompileExec2551408937.dir/CMakeCCompilerABI.c.o
/usr/bin/cc   -isysroot /Applications/Xcode.app/Contents/Developer/Platforms/MacOSX.platform/Developer/SDKs/MacOSX10.10.sdk   -o CMakeFiles/cmTryCompileExec2551408937.dir/CMakeCCompilerABI.c.o   -c /usr/local/Cellar/cmake/3.1.0/share/cmake/Modules/CMakeCCompilerABI.c
Linking C executable cmTryCompileExec2551408937
/usr/local/Cellar/cmake/3.1.0/bin/cmake -E cmake_link_script CMakeFiles/cmTryCompileExec2551408937.dir/link.txt --verbose=1
/usr/bin/cc    -isysroot /Applications/Xcode.app/Contents/Developer/Platforms/MacOSX.platform/Developer/SDKs/MacOSX10.10.sdk -Wl,-search_paths_first -Wl,-headerpad_max_install_names -v -Wl,-v CMakeFiles/cmTryCompileExec2551408937.dir/CMakeCCompilerABI.c.o  -o cmTryCompileExec2551408937   
Apple LLVM version 6.1.0 (clang-602.0.53) (based on LLVM 3.6.0svn)
Target: x86_64-apple-darwin14.3.0
Thread model: posix
 "/Applications/Xcode.app/Contents/Developer/Toolchains/XcodeDefault.xctoolchain/usr/bin/ld" -demangle -dynamic -arch x86_64 -macosx_version_min 10.10.0 -syslibroot /Applications/Xcode.app/Contents/Developer/Platforms/MacOSX.platform/Developer/SDKs/MacOSX10.10.sdk -o cmTryCompileExec2551408937 -search_paths_first -headerpad_max_install_names -v CMakeFiles/cmTryCompileExec2551408937.dir/CMakeCCompilerABI.c.o -lSystem /Applications/Xcode.app/Contents/Developer/Toolchains/XcodeDefault.xctoolchain/usr/bin/../lib/clang/6.1.0/lib/darwin/libclang_rt.osx.a
@(#)PROGRAM:ld  PROJECT:ld64-242
configured to support archs: armv6 armv7 armv7s arm64 i386 x86_64 x86_64h armv6m armv7m armv7em
Library search paths:
	/Applications/Xcode.app/Contents/Developer/Platforms/MacOSX.platform/Developer/SDKs/MacOSX10.10.sdk/usr/lib
Framework search paths:
	/Applications/Xcode.app/Contents/Developer/Platforms/MacOSX.platform/Developer/SDKs/MacOSX10.10.sdk/System/Library/Frameworks/


Parsed C implicit link information from above output:
  link line regex: [^( *|.*[/\])(ld|([^/\]+-)?ld|collect2)[^/\]*( |$)]
  ignore line: [Change Dir: /Users/ashraymalhotra/Desktop/Academic/VTKDev/VTKCustomCodes/ImagePyramid/build/CMakeFiles/CMakeTmp]
  ignore line: []
  ignore line: [Run Build Command:"/usr/bin/make" "cmTryCompileExec2551408937/fast"]
  ignore line: [/Applications/Xcode.app/Contents/Developer/usr/bin/make -f CMakeFiles/cmTryCompileExec2551408937.dir/build.make CMakeFiles/cmTryCompileExec2551408937.dir/build]
  ignore line: [/usr/local/Cellar/cmake/3.1.0/bin/cmake -E cmake_progress_report /Users/ashraymalhotra/Desktop/Academic/VTKDev/VTKCustomCodes/ImagePyramid/build/CMakeFiles/CMakeTmp/CMakeFiles 1]
  ignore line: [Building C object CMakeFiles/cmTryCompileExec2551408937.dir/CMakeCCompilerABI.c.o]
  ignore line: [/usr/bin/cc   -isysroot /Applications/Xcode.app/Contents/Developer/Platforms/MacOSX.platform/Developer/SDKs/MacOSX10.10.sdk   -o CMakeFiles/cmTryCompileExec2551408937.dir/CMakeCCompilerABI.c.o   -c /usr/local/Cellar/cmake/3.1.0/share/cmake/Modules/CMakeCCompilerABI.c]
  ignore line: [Linking C executable cmTryCompileExec2551408937]
  ignore line: [/usr/local/Cellar/cmake/3.1.0/bin/cmake -E cmake_link_script CMakeFiles/cmTryCompileExec2551408937.dir/link.txt --verbose=1]
  ignore line: [/usr/bin/cc    -isysroot /Applications/Xcode.app/Contents/Developer/Platforms/MacOSX.platform/Developer/SDKs/MacOSX10.10.sdk -Wl,-search_paths_first -Wl,-headerpad_max_install_names -v -Wl,-v CMakeFiles/cmTryCompileExec2551408937.dir/CMakeCCompilerABI.c.o  -o cmTryCompileExec2551408937   ]
  ignore line: [Apple LLVM version 6.1.0 (clang-602.0.53) (based on LLVM 3.6.0svn)]
  ignore line: [Target: x86_64-apple-darwin14.3.0]
  ignore line: [Thread model: posix]
  link line: [ "/Applications/Xcode.app/Contents/Developer/Toolchains/XcodeDefault.xctoolchain/usr/bin/ld" -demangle -dynamic -arch x86_64 -macosx_version_min 10.10.0 -syslibroot /Applications/Xcode.app/Contents/Developer/Platforms/MacOSX.platform/Developer/SDKs/MacOSX10.10.sdk -o cmTryCompileExec2551408937 -search_paths_first -headerpad_max_install_names -v CMakeFiles/cmTryCompileExec2551408937.dir/CMakeCCompilerABI.c.o -lSystem /Applications/Xcode.app/Contents/Developer/Toolchains/XcodeDefault.xctoolchain/usr/bin/../lib/clang/6.1.0/lib/darwin/libclang_rt.osx.a]
    arg [/Applications/Xcode.app/Contents/Developer/Toolchains/XcodeDefault.xctoolchain/usr/bin/ld] ==> ignore
    arg [-demangle] ==> ignore
    arg [-dynamic] ==> ignore
    arg [-arch] ==> ignore
    arg [x86_64] ==> ignore
    arg [-macosx_version_min] ==> ignore
    arg [10.10.0] ==> ignore
    arg [-syslibroot] ==> ignore
    arg [/Applications/Xcode.app/Contents/Developer/Platforms/MacOSX.platform/Developer/SDKs/MacOSX10.10.sdk] ==> ignore
    arg [-o] ==> ignore
    arg [cmTryCompileExec2551408937] ==> ignore
    arg [-search_paths_first] ==> ignore
    arg [-headerpad_max_install_names] ==> ignore
    arg [-v] ==> ignore
    arg [CMakeFiles/cmTryCompileExec2551408937.dir/CMakeCCompilerABI.c.o] ==> ignore
    arg [-lSystem] ==> lib [System]
    arg [/Applications/Xcode.app/Contents/Developer/Toolchains/XcodeDefault.xctoolchain/usr/bin/../lib/clang/6.1.0/lib/darwin/libclang_rt.osx.a] ==> lib [/Applications/Xcode.app/Contents/Developer/Toolchains/XcodeDefault.xctoolchain/usr/bin/../lib/clang/6.1.0/lib/darwin/libclang_rt.osx.a]
  Library search paths: [;/Applications/Xcode.app/Contents/Developer/Platforms/MacOSX.platform/Developer/SDKs/MacOSX10.10.sdk/usr/lib]
  Framework search paths: [;/Applications/Xcode.app/Contents/Developer/Platforms/MacOSX.platform/Developer/SDKs/MacOSX10.10.sdk/System/Library/Frameworks/]
  remove lib [System]
  collapse lib [/Applications/Xcode.app/Contents/Developer/Toolchains/XcodeDefault.xctoolchain/usr/bin/../lib/clang/6.1.0/lib/darwin/libclang_rt.osx.a] ==> [/Applications/Xcode.app/Contents/Developer/Toolchains/XcodeDefault.xctoolchain/usr/lib/clang/6.1.0/lib/darwin/libclang_rt.osx.a]
  collapse library dir [/Applications/Xcode.app/Contents/Developer/Platforms/MacOSX.platform/Developer/SDKs/MacOSX10.10.sdk/usr/lib] ==> [/Applications/Xcode.app/Contents/Developer/Platforms/MacOSX.platform/Developer/SDKs/MacOSX10.10.sdk/usr/lib]
  collapse framework dir [/Applications/Xcode.app/Contents/Developer/Platforms/MacOSX.platform/Developer/SDKs/MacOSX10.10.sdk/System/Library/Frameworks/] ==> [/Applications/Xcode.app/Contents/Developer/Platforms/MacOSX.platform/Developer/SDKs/MacOSX10.10.sdk/System/Library/Frameworks]
  implicit libs: [/Applications/Xcode.app/Contents/Developer/Toolchains/XcodeDefault.xctoolchain/usr/lib/clang/6.1.0/lib/darwin/libclang_rt.osx.a]
  implicit dirs: [/Applications/Xcode.app/Contents/Developer/Platforms/MacOSX.platform/Developer/SDKs/MacOSX10.10.sdk/usr/lib]
  implicit fwks: [/Applications/Xcode.app/Contents/Developer/Platforms/MacOSX.platform/Developer/SDKs/MacOSX10.10.sdk/System/Library/Frameworks]


Determining if the CXX compiler works passed with the following output:
Change Dir: /Users/ashraymalhotra/Desktop/Academic/VTKDev/VTKCustomCodes/ImagePyramid/build/CMakeFiles/CMakeTmp

Run Build Command:"/usr/bin/make" "cmTryCompileExec2074524838/fast"
/Applications/Xcode.app/Contents/Developer/usr/bin/make -f CMakeFiles/cmTryCompileExec2074524838.dir/build.make CMakeFiles/cmTryCompileExec2074524838.dir/build
/usr/local/Cellar/cmake/3.1.0/bin/cmake -E cmake_progress_report /Users/ashraymalhotra/Desktop/Academic/VTKDev/VTKCustomCodes/ImagePyramid/build/CMakeFiles/CMakeTmp/CMakeFiles 1
Building CXX object CMakeFiles/cmTryCompileExec2074524838.dir/testCXXCompiler.cxx.o
/usr/bin/c++    -isysroot /Applications/Xcode.app/Contents/Developer/Platforms/MacOSX.platform/Developer/SDKs/MacOSX10.10.sdk   -o CMakeFiles/cmTryCompileExec2074524838.dir/testCXXCompiler.cxx.o -c /Users/ashraymalhotra/Desktop/Academic/VTKDev/VTKCustomCodes/ImagePyramid/build/CMakeFiles/CMakeTmp/testCXXCompiler.cxx
Linking CXX executable cmTryCompileExec2074524838
/usr/local/Cellar/cmake/3.1.0/bin/cmake -E cmake_link_script CMakeFiles/cmTryCompileExec2074524838.dir/link.txt --verbose=1
/usr/bin/c++     -isysroot /Applications/Xcode.app/Contents/Developer/Platforms/MacOSX.platform/Developer/SDKs/MacOSX10.10.sdk -Wl,-search_paths_first -Wl,-headerpad_max_install_names  CMakeFiles/cmTryCompileExec2074524838.dir/testCXXCompiler.cxx.o  -o cmTryCompileExec2074524838  


Detecting CXX compiler ABI info compiled with the following output:
Change Dir: /Users/ashraymalhotra/Desktop/Academic/VTKDev/VTKCustomCodes/ImagePyramid/build/CMakeFiles/CMakeTmp

Run Build Command:"/usr/bin/make" "cmTryCompileExec2354656109/fast"
/Applications/Xcode.app/Contents/Developer/usr/bin/make -f CMakeFiles/cmTryCompileExec2354656109.dir/build.make CMakeFiles/cmTryCompileExec2354656109.dir/build
/usr/local/Cellar/cmake/3.1.0/bin/cmake -E cmake_progress_report /Users/ashraymalhotra/Desktop/Academic/VTKDev/VTKCustomCodes/ImagePyramid/build/CMakeFiles/CMakeTmp/CMakeFiles 1
Building CXX object CMakeFiles/cmTryCompileExec2354656109.dir/CMakeCXXCompilerABI.cpp.o
/usr/bin/c++    -isysroot /Applications/Xcode.app/Contents/Developer/Platforms/MacOSX.platform/Developer/SDKs/MacOSX10.10.sdk   -o CMakeFiles/cmTryCompileExec2354656109.dir/CMakeCXXCompilerABI.cpp.o -c /usr/local/Cellar/cmake/3.1.0/share/cmake/Modules/CMakeCXXCompilerABI.cpp
Linking CXX executable cmTryCompileExec2354656109
/usr/local/Cellar/cmake/3.1.0/bin/cmake -E cmake_link_script CMakeFiles/cmTryCompileExec2354656109.dir/link.txt --verbose=1
/usr/bin/c++     -isysroot /Applications/Xcode.app/Contents/Developer/Platforms/MacOSX.platform/Developer/SDKs/MacOSX10.10.sdk -Wl,-search_paths_first -Wl,-headerpad_max_install_names -v -Wl,-v CMakeFiles/cmTryCompileExec2354656109.dir/CMakeCXXCompilerABI.cpp.o  -o cmTryCompileExec2354656109   
Apple LLVM version 6.1.0 (clang-602.0.53) (based on LLVM 3.6.0svn)
Target: x86_64-apple-darwin14.3.0
Thread model: posix
 "/Applications/Xcode.app/Contents/Developer/Toolchains/XcodeDefault.xctoolchain/usr/bin/ld" -demangle -dynamic -arch x86_64 -macosx_version_min 10.10.0 -syslibroot /Applications/Xcode.app/Contents/Developer/Platforms/MacOSX.platform/Developer/SDKs/MacOSX10.10.sdk -o cmTryCompileExec2354656109 -search_paths_first -headerpad_max_install_names -v CMakeFiles/cmTryCompileExec2354656109.dir/CMakeCXXCompilerABI.cpp.o -lc++ -lSystem /Applications/Xcode.app/Contents/Developer/Toolchains/XcodeDefault.xctoolchain/usr/bin/../lib/clang/6.1.0/lib/darwin/libclang_rt.osx.a
@(#)PROGRAM:ld  PROJECT:ld64-242
configured to support archs: armv6 armv7 armv7s arm64 i386 x86_64 x86_64h armv6m armv7m armv7em
Library search paths:
	/Applications/Xcode.app/Contents/Developer/Platforms/MacOSX.platform/Developer/SDKs/MacOSX10.10.sdk/usr/lib
Framework search paths:
	/Applications/Xcode.app/Contents/Developer/Platforms/MacOSX.platform/Developer/SDKs/MacOSX10.10.sdk/System/Library/Frameworks/


Parsed CXX implicit link information from above output:
  link line regex: [^( *|.*[/\])(ld|([^/\]+-)?ld|collect2)[^/\]*( |$)]
  ignore line: [Change Dir: /Users/ashraymalhotra/Desktop/Academic/VTKDev/VTKCustomCodes/ImagePyramid/build/CMakeFiles/CMakeTmp]
  ignore line: []
  ignore line: [Run Build Command:"/usr/bin/make" "cmTryCompileExec2354656109/fast"]
  ignore line: [/Applications/Xcode.app/Contents/Developer/usr/bin/make -f CMakeFiles/cmTryCompileExec2354656109.dir/build.make CMakeFiles/cmTryCompileExec2354656109.dir/build]
  ignore line: [/usr/local/Cellar/cmake/3.1.0/bin/cmake -E cmake_progress_report /Users/ashraymalhotra/Desktop/Academic/VTKDev/VTKCustomCodes/ImagePyramid/build/CMakeFiles/CMakeTmp/CMakeFiles 1]
  ignore line: [Building CXX object CMakeFiles/cmTryCompileExec2354656109.dir/CMakeCXXCompilerABI.cpp.o]
  ignore line: [/usr/bin/c++    -isysroot /Applications/Xcode.app/Contents/Developer/Platforms/MacOSX.platform/Developer/SDKs/MacOSX10.10.sdk   -o CMakeFiles/cmTryCompileExec2354656109.dir/CMakeCXXCompilerABI.cpp.o -c /usr/local/Cellar/cmake/3.1.0/share/cmake/Modules/CMakeCXXCompilerABI.cpp]
  ignore line: [Linking CXX executable cmTryCompileExec2354656109]
  ignore line: [/usr/local/Cellar/cmake/3.1.0/bin/cmake -E cmake_link_script CMakeFiles/cmTryCompileExec2354656109.dir/link.txt --verbose=1]
  ignore line: [/usr/bin/c++     -isysroot /Applications/Xcode.app/Contents/Developer/Platforms/MacOSX.platform/Developer/SDKs/MacOSX10.10.sdk -Wl,-search_paths_first -Wl,-headerpad_max_install_names -v -Wl,-v CMakeFiles/cmTryCompileExec2354656109.dir/CMakeCXXCompilerABI.cpp.o  -o cmTryCompileExec2354656109   ]
  ignore line: [Apple LLVM version 6.1.0 (clang-602.0.53) (based on LLVM 3.6.0svn)]
  ignore line: [Target: x86_64-apple-darwin14.3.0]
  ignore line: [Thread model: posix]
  link line: [ "/Applications/Xcode.app/Contents/Developer/Toolchains/XcodeDefault.xctoolchain/usr/bin/ld" -demangle -dynamic -arch x86_64 -macosx_version_min 10.10.0 -syslibroot /Applications/Xcode.app/Contents/Developer/Platforms/MacOSX.platform/Developer/SDKs/MacOSX10.10.sdk -o cmTryCompileExec2354656109 -search_paths_first -headerpad_max_install_names -v CMakeFiles/cmTryCompileExec2354656109.dir/CMakeCXXCompilerABI.cpp.o -lc++ -lSystem /Applications/Xcode.app/Contents/Developer/Toolchains/XcodeDefault.xctoolchain/usr/bin/../lib/clang/6.1.0/lib/darwin/libclang_rt.osx.a]
    arg [/Applications/Xcode.app/Contents/Developer/Toolchains/XcodeDefault.xctoolchain/usr/bin/ld] ==> ignore
    arg [-demangle] ==> ignore
    arg [-dynamic] ==> ignore
    arg [-arch] ==> ignore
    arg [x86_64] ==> ignore
    arg [-macosx_version_min] ==> ignore
    arg [10.10.0] ==> ignore
    arg [-syslibroot] ==> ignore
    arg [/Applications/Xcode.app/Contents/Developer/Platforms/MacOSX.platform/Developer/SDKs/MacOSX10.10.sdk] ==> ignore
    arg [-o] ==> ignore
    arg [cmTryCompileExec2354656109] ==> ignore
    arg [-search_paths_first] ==> ignore
    arg [-headerpad_max_install_names] ==> ignore
    arg [-v] ==> ignore
    arg [CMakeFiles/cmTryCompileExec2354656109.dir/CMakeCXXCompilerABI.cpp.o] ==> ignore
    arg [-lc++] ==> lib [c++]
    arg [-lSystem] ==> lib [System]
    arg [/Applications/Xcode.app/Contents/Developer/Toolchains/XcodeDefault.xctoolchain/usr/bin/../lib/clang/6.1.0/lib/darwin/libclang_rt.osx.a] ==> lib [/Applications/Xcode.app/Contents/Developer/Toolchains/XcodeDefault.xctoolchain/usr/bin/../lib/clang/6.1.0/lib/darwin/libclang_rt.osx.a]
  Library search paths: [;/Applications/Xcode.app/Contents/Developer/Platforms/MacOSX.platform/Developer/SDKs/MacOSX10.10.sdk/usr/lib]
  Framework search paths: [;/Applications/Xcode.app/Contents/Developer/Platforms/MacOSX.platform/Developer/SDKs/MacOSX10.10.sdk/System/Library/Frameworks/]
  remove lib [System]
  collapse lib [/Applications/Xcode.app/Contents/Developer/Toolchains/XcodeDefault.xctoolchain/usr/bin/../lib/clang/6.1.0/lib/darwin/libclang_rt.osx.a] ==> [/Applications/Xcode.app/Contents/Developer/Toolchains/XcodeDefault.xctoolchain/usr/lib/clang/6.1.0/lib/darwin/libclang_rt.osx.a]
  collapse library dir [/Applications/Xcode.app/Contents/Developer/Platforms/MacOSX.platform/Developer/SDKs/MacOSX10.10.sdk/usr/lib] ==> [/Applications/Xcode.app/Contents/Developer/Platforms/MacOSX.platform/Developer/SDKs/MacOSX10.10.sdk/usr/lib]
  collapse framework dir [/Applications/Xcode.app/Contents/Developer/Platforms/MacOSX.platform/Developer/SDKs/MacOSX10.10.sdk/System/Library/Frameworks/] ==> [/Applications/Xcode.app/Contents/Developer/Platforms/MacOSX.platform/Developer/SDKs/MacOSX10.10.sdk/System/Library/Frameworks]
  implicit libs: [c++;/Applications/Xcode.app/Contents/Developer/Toolchains/XcodeDefault.xctoolchain/usr/lib/clang/6.1.0/lib/darwin/libclang_rt.osx.a]
  implicit dirs: [/Applications/Xcode.app/Contents/Developer/Platforms/MacOSX.platform/Developer/SDKs/MacOSX10.10.sdk/usr/lib]
  implicit fwks: [/Applications/Xcode.app/Contents/Developer/Platforms/MacOSX.platform/Developer/SDKs/MacOSX10.10.sdk/System/Library/Frameworks]


